This file contains any messages produced by compilers while
running configure, to aid debugging if configure makes a mistake.

It was created by configure, which was
generated by GNU Autoconf 2.59.  Invocation command line was

  $ ./configure --with-php-config=/usr/local/php/bin/php-config

## --------- ##
## Platform. ##
## --------- ##

hostname = web_test
uname -m = i686
uname -r = 2.6.18-194.el5
uname -s = Linux
uname -v = #1 SMP Fri Apr 2 14:58:35 EDT 2010

/usr/bin/uname -p = unknown
/bin/uname -X     = unknown

/bin/arch              = i686
/usr/bin/arch -k       = unknown
/usr/convex/getsysinfo = unknown
hostinfo               = unknown
/bin/machine           = unknown
/usr/bin/oslevel       = unknown
/bin/universe          = unknown

PATH: /usr/lib/qt44/bin
PATH: /usr/kerberos/sbin
PATH: /usr/kerberos/bin
PATH: /usr/local/sbin
PATH: /usr/bin
PATH: /bin
PATH: /usr/sbin
PATH: /sbin
PATH: /usr/lib/oracle/10.2.0.4/client/bin
PATH: /home/huangyongqiang/bin


## ----------- ##
## Core tests. ##
## ----------- ##

configure:1483: checking for egrep
configure:1493: result: grep -E
configure:1498: checking for a sed that does not truncate output
configure:1552: result: /bin/sed
configure:1682: checking for cc
configure:1698: found /usr/bin/cc
configure:1708: result: cc
configure:1729: checking for C compiler version
configure:1732: cc --version </dev/null >&5
cc (GCC) 4.7.0
Copyright (C) 2012 Free Software Foundation, Inc.
This is free software; see the source for copying conditions.  There is NO
warranty; not even for MERCHANTABILITY or FITNESS FOR A PARTICULAR PURPOSE.

configure:1735: $? = 0
configure:1737: cc -v </dev/null >&5
Using built-in specs.
COLLECT_GCC=cc
COLLECT_LTO_WRAPPER=/usr/libexec/gcc/i686-pc-linux-gnu/4.7.0/lto-wrapper
Target: i686-pc-linux-gnu
Configured with: ./configure --prefix=/usr/ --with-gmp=/usr/local/ --with-mpc=/usr/local/
Thread model: posix
gcc version 4.7.0 (GCC) 
configure:1740: $? = 0
configure:1742: cc -V </dev/null >&5
cc: error: unrecognized command line option '-V'
cc: fatal error: no input files
compilation terminated.
configure:1745: $? = 1
configure:1768: checking for C compiler default output file name
configure:1771: cc    conftest.c  >&5
configure:1774: $? = 0
configure:1820: result: a.out
configure:1825: checking whether the C compiler works
configure:1831: ./a.out
configure:1834: $? = 0
configure:1851: result: yes
configure:1858: checking whether we are cross compiling
configure:1860: result: no
configure:1863: checking for suffix of executables
configure:1865: cc -o conftest    conftest.c  >&5
configure:1868: $? = 0
configure:1893: result: 
configure:1899: checking for suffix of object files
configure:1920: cc -c   conftest.c >&5
configure:1923: $? = 0
configure:1945: result: o
configure:1949: checking whether we are using the GNU C compiler
configure:1973: cc -c   conftest.c >&5
configure:1979: $? = 0
configure:1983: test -z 
			 || test ! -s conftest.err
configure:1986: $? = 0
configure:1989: test -s conftest.o
configure:1992: $? = 0
configure:2005: result: yes
configure:2011: checking whether cc accepts -g
configure:2032: cc -c -g  conftest.c >&5
configure:2038: $? = 0
configure:2042: test -z 
			 || test ! -s conftest.err
configure:2045: $? = 0
configure:2048: test -s conftest.o
configure:2051: $? = 0
configure:2062: result: yes
configure:2079: checking for cc option to accept ANSI C
configure:2149: cc  -c -g -O2  conftest.c >&5
configure:2155: $? = 0
configure:2159: test -z 
			 || test ! -s conftest.err
configure:2162: $? = 0
configure:2165: test -s conftest.o
configure:2168: $? = 0
configure:2186: result: none needed
configure:2204: cc -c -g -O2  conftest.c >&5
conftest.c:2:3: error: unknown type name 'choke'
conftest.c:2:3: error: expected '=', ',', ';', 'asm' or '__attribute__' at end of input
configure:2210: $? = 1
configure: failed program was:
| #ifndef __cplusplus
|   choke me
| #endif
configure:2349: checking how to run the C preprocessor
configure:2384: cc -E  conftest.c
configure:2390: $? = 0
configure:2422: cc -E  conftest.c
conftest.c:9:28: fatal error: ac_nonexistent.h: No such file or directory
compilation terminated.
configure:2428: $? = 1
configure: failed program was:
| /* confdefs.h.  */
| 
| #define PACKAGE_NAME ""
| #define PACKAGE_TARNAME ""
| #define PACKAGE_VERSION ""
| #define PACKAGE_STRING ""
| #define PACKAGE_BUGREPORT ""
| /* end confdefs.h.  */
| #include <ac_nonexistent.h>
configure:2467: result: cc -E
configure:2491: cc -E  conftest.c
configure:2497: $? = 0
configure:2529: cc -E  conftest.c
conftest.c:9:28: fatal error: ac_nonexistent.h: No such file or directory
compilation terminated.
configure:2535: $? = 1
configure: failed program was:
| /* confdefs.h.  */
| 
| #define PACKAGE_NAME ""
| #define PACKAGE_TARNAME ""
| #define PACKAGE_VERSION ""
| #define PACKAGE_STRING ""
| #define PACKAGE_BUGREPORT ""
| /* end confdefs.h.  */
| #include <ac_nonexistent.h>
configure:2581: checking for icc
configure:2594: result: no
configure:2608: checking for suncc
configure:2621: result: no
configure:2639: checking whether cc understands -c and -o together
configure:2666: cc -c conftest.c -o conftest.o >&5
configure:2669: $? = 0
configure:2671: cc -c conftest.c -o conftest.o >&5
configure:2674: $? = 0
configure:2713: result: yes
configure:2729: checking for system library directory
configure:2744: result: lib
configure:2751: checking if compiler supports -R
configure:2775: cc -o conftest -g -O2   conftest.c -R /usr/lib  >&5
cc: error: unrecognized option '-R'
configure:2781: $? = 1
configure: failed program was:
| /* confdefs.h.  */
| 
| #define PACKAGE_NAME ""
| #define PACKAGE_TARNAME ""
| #define PACKAGE_VERSION ""
| #define PACKAGE_STRING ""
| #define PACKAGE_BUGREPORT ""
| /* end confdefs.h.  */
| 
| int
| main ()
| {
| 
|   ;
|   return 0;
| }
configure:2808: result: no
configure:2813: checking if compiler supports -Wl,-rpath,
configure:2837: cc -o conftest -g -O2   conftest.c -Wl,-rpath,/usr/lib  >&5
configure:2843: $? = 0
configure:2847: test -z 
			 || test ! -s conftest.err
configure:2850: $? = 0
configure:2853: test -s conftest
configure:2856: $? = 0
configure:2870: result: yes
configure:2913: checking build system type
configure:2931: result: i686-pc-linux-gnu
configure:2939: checking host system type
configure:2953: result: i686-pc-linux-gnu
configure:2961: checking target system type
configure:2975: result: i686-pc-linux-gnu
configure:3070: checking for PHP prefix
configure:3072: result: /usr/local/php
configure:3074: checking for PHP includes
configure:3076: result: -I/usr/local/php/include/php -I/usr/local/php/include/php/main -I/usr/local/php/include/php/TSRM -I/usr/local/php/include/php/Zend -I/usr/local/php/include/php/ext -I/usr/local/php/include/php/ext/date/lib
configure:3078: checking for PHP extension directory
configure:3080: result: /usr/local/php/lib/php/extensions/no-debug-non-zts-20090626
configure:3082: checking for PHP installed headers prefix
configure:3084: result: /usr/local/php/include/php
configure:3087: checking if debug is enabled
configure:3117: result: no
configure:3120: checking if zts is enabled
configure:3150: result: no
configure:3224: checking for re2c
configure:3240: found /usr/bin/re2c
configure:3250: result: re2c
configure:3258: checking for re2c version
configure:3272: result: 0.13.5 (ok)
configure:3291: checking for gawk
configure:3308: found /usr/bin/gawk
configure:3318: result: gawk
configure:3367: checking for stock support
configure:3407: result: yes, shared
configure:3807: checking for ld used by cc
configure:3874: result: /usr/bin/ld
configure:3883: checking if the linker (/usr/bin/ld) is GNU ld
configure:3898: result: yes
configure:3903: checking for /usr/bin/ld option to reload object files
configure:3910: result: -r
configure:3928: checking for BSD-compatible nm
configure:3977: result: /usr/bin/nm -B
configure:3981: checking whether ln -s works
configure:3985: result: yes
configure:3992: checking how to recognize dependent libraries
configure:4178: result: pass_all
configure:4419: checking for ANSI C header files
configure:4444: cc -c -g -O2  conftest.c >&5
configure:4450: $? = 0
configure:4454: test -z 
			 || test ! -s conftest.err
configure:4457: $? = 0
configure:4460: test -s conftest.o
configure:4463: $? = 0
configure:4552: cc -o conftest -g -O2   conftest.c  >&5
conftest.c: In function 'main':
conftest.c:27:7: warning: incompatible implicit declaration of built-in function 'exit' [enabled by default]
configure:4555: $? = 0
configure:4557: ./conftest
configure:4560: $? = 0
configure:4575: result: yes
configure:4599: checking for sys/types.h
configure:4615: cc -c -g -O2  conftest.c >&5
configure:4621: $? = 0
configure:4625: test -z 
			 || test ! -s conftest.err
configure:4628: $? = 0
configure:4631: test -s conftest.o
configure:4634: $? = 0
configure:4645: result: yes
configure:4599: checking for sys/stat.h
configure:4615: cc -c -g -O2  conftest.c >&5
configure:4621: $? = 0
configure:4625: test -z 
			 || test ! -s conftest.err
configure:4628: $? = 0
configure:4631: test -s conftest.o
configure:4634: $? = 0
configure:4645: result: yes
configure:4599: checking for stdlib.h
configure:4615: cc -c -g -O2  conftest.c >&5
configure:4621: $? = 0
configure:4625: test -z 
			 || test ! -s conftest.err
configure:4628: $? = 0
configure:4631: test -s conftest.o
configure:4634: $? = 0
configure:4645: result: yes
configure:4599: checking for string.h
configure:4615: cc -c -g -O2  conftest.c >&5
configure:4621: $? = 0
configure:4625: test -z 
			 || test ! -s conftest.err
configure:4628: $? = 0
configure:4631: test -s conftest.o
configure:4634: $? = 0
configure:4645: result: yes
configure:4599: checking for memory.h
configure:4615: cc -c -g -O2  conftest.c >&5
configure:4621: $? = 0
configure:4625: test -z 
			 || test ! -s conftest.err
configure:4628: $? = 0
configure:4631: test -s conftest.o
configure:4634: $? = 0
configure:4645: result: yes
configure:4599: checking for strings.h
configure:4615: cc -c -g -O2  conftest.c >&5
configure:4621: $? = 0
configure:4625: test -z 
			 || test ! -s conftest.err
configure:4628: $? = 0
configure:4631: test -s conftest.o
configure:4634: $? = 0
configure:4645: result: yes
configure:4599: checking for inttypes.h
configure:4615: cc -c -g -O2  conftest.c >&5
configure:4621: $? = 0
configure:4625: test -z 
			 || test ! -s conftest.err
configure:4628: $? = 0
configure:4631: test -s conftest.o
configure:4634: $? = 0
configure:4645: result: yes
configure:4599: checking for stdint.h
configure:4615: cc -c -g -O2  conftest.c >&5
configure:4621: $? = 0
configure:4625: test -z 
			 || test ! -s conftest.err
configure:4628: $? = 0
configure:4631: test -s conftest.o
configure:4634: $? = 0
configure:4645: result: yes
configure:4599: checking for unistd.h
configure:4615: cc -c -g -O2  conftest.c >&5
configure:4621: $? = 0
configure:4625: test -z 
			 || test ! -s conftest.err
configure:4628: $? = 0
configure:4631: test -s conftest.o
configure:4634: $? = 0
configure:4645: result: yes
configure:4671: checking dlfcn.h usability
configure:4683: cc -c -g -O2  conftest.c >&5
configure:4689: $? = 0
configure:4693: test -z 
			 || test ! -s conftest.err
configure:4696: $? = 0
configure:4699: test -s conftest.o
configure:4702: $? = 0
configure:4712: result: yes
configure:4716: checking dlfcn.h presence
configure:4726: cc -E  conftest.c
configure:4732: $? = 0
configure:4752: result: yes
configure:4787: checking for dlfcn.h
configure:4794: result: yes
configure:4819: checking the maximum length of command line arguments
configure:4931: result: 98304
configure:4943: checking command to parse /usr/bin/nm -B output from cc object
configure:5048: cc -c -g -O2  conftest.c >&5
configure:5051: $? = 0
configure:5055: /usr/bin/nm -B conftest.o \| sed -n -e 's/^.*[ 	]\([ABCDGIRSTW][ABCDGIRSTW]*\)[ 	][ 	]*\([_A-Za-z][_A-Za-z0-9]*\)$/\1 \2 \2/p' \> conftest.nm
configure:5058: $? = 0
configure:5110: cc -o conftest -g -O2   conftest.c conftstm.o >&5
configure:5113: $? = 0
configure:5151: result: ok
configure:5155: checking for objdir
configure:5170: result: .libs
configure:5260: checking for ar
configure:5276: found /usr/bin/ar
configure:5287: result: ar
configure:5340: checking for ranlib
configure:5356: found /usr/bin/ranlib
configure:5367: result: ranlib
configure:5420: checking for strip
configure:5436: found /usr/bin/strip
configure:5447: result: strip
configure:5983: checking if cc supports -fno-rtti -fno-exceptions
configure:6001: cc -c -g -O2  -fno-rtti -fno-exceptions conftest.c >&5
cc1: warning: command line option '-fno-rtti' is valid for C++/ObjC++ but not for C [enabled by default]
configure:6005: $? = 0
configure:6018: result: no
configure:6033: checking for cc option to produce PIC
configure:6273: result: -fPIC
configure:6281: checking if cc PIC flag -fPIC works
configure:6299: cc -c -g -O2  -fPIC -DPIC conftest.c >&5
configure:6303: $? = 0
configure:6316: result: yes
configure:6344: checking if cc static flag -static works
configure:6372: result: yes
configure:6382: checking if cc supports -c -o file.o
configure:6403: cc -c -g -O2  -o out/conftest2.o conftest.c >&5
configure:6407: $? = 0
configure:6429: result: yes
configure:6455: checking whether the cc linker (/usr/bin/ld) supports shared libraries
configure:7387: result: yes
configure:7408: checking whether -lc should be explicitly linked in
configure:7413: cc -c -g -O2  conftest.c >&5
configure:7416: $? = 0
configure:7431: cc -shared conftest.o  -v -Wl,-soname -Wl,conftest -o conftest 2\>\&1 \| grep  -lc  \>/dev/null 2\>\&1
configure:7434: $? = 0
configure:7446: result: no
configure:7454: checking dynamic linker characteristics
configure:8056: result: GNU/Linux ld.so
configure:8080: checking how to hardcode library paths into programs
configure:8105: result: immediate
configure:8119: checking whether stripping libraries is possible
configure:8124: result: yes
configure:8959: checking if libtool supports shared libraries
configure:8961: result: yes
configure:8964: checking whether to build shared libraries
configure:8985: result: yes
configure:8988: checking whether to build static libraries
configure:8992: result: no
configure:9087: result:
creating libtool
configure:12782: creating ./config.status

## ---------------------- ##
## Running config.status. ##
## ---------------------- ##

This file was extended by config.status, which was
generated by GNU Autoconf 2.59.  Invocation command line was

  CONFIG_FILES    = 
  CONFIG_HEADERS  = 
  CONFIG_LINKS    = 
  CONFIG_COMMANDS = 
  $ ./config.status 

on web_test

config.status:454: creating config.h
config.status:560: config.h is unchanged

## ---------------- ##
## Cache variables. ##
## ---------------- ##

ac_cv_build=i686-pc-linux-gnu
ac_cv_build_alias=i686-pc-linux-gnu
ac_cv_c_compiler_gnu=yes
ac_cv_env_CC_set=
ac_cv_env_CC_value=
ac_cv_env_CFLAGS_set=
ac_cv_env_CFLAGS_value=
ac_cv_env_CPPFLAGS_set=
ac_cv_env_CPPFLAGS_value=
ac_cv_env_CPP_set=
ac_cv_env_CPP_value=
ac_cv_env_LDFLAGS_set=
ac_cv_env_LDFLAGS_value=
ac_cv_env_build_alias_set=
ac_cv_env_build_alias_value=
ac_cv_env_host_alias_set=
ac_cv_env_host_alias_value=
ac_cv_env_target_alias_set=
ac_cv_env_target_alias_value=
ac_cv_exeext=
ac_cv_header_dlfcn_h=yes
ac_cv_header_inttypes_h=yes
ac_cv_header_memory_h=yes
ac_cv_header_stdc=yes
ac_cv_header_stdint_h=yes
ac_cv_header_stdlib_h=yes
ac_cv_header_string_h=yes
ac_cv_header_strings_h=yes
ac_cv_header_sys_stat_h=yes
ac_cv_header_sys_types_h=yes
ac_cv_header_unistd_h=yes
ac_cv_host=i686-pc-linux-gnu
ac_cv_host_alias=i686-pc-linux-gnu
ac_cv_objext=o
ac_cv_prog_AWK=gawk
ac_cv_prog_CPP='cc -E'
ac_cv_prog_RE2C=re2c
ac_cv_prog_ac_ct_AR=ar
ac_cv_prog_ac_ct_CC=cc
ac_cv_prog_ac_ct_RANLIB=ranlib
ac_cv_prog_ac_ct_STRIP=strip
ac_cv_prog_cc_cc_c_o=yes
ac_cv_prog_cc_g=yes
ac_cv_prog_cc_stdc=
ac_cv_prog_egrep='grep -E'
ac_cv_target=i686-pc-linux-gnu
ac_cv_target_alias=i686-pc-linux-gnu
lt_cv_deplibs_check_method=pass_all
lt_cv_file_magic_cmd='$MAGIC_CMD'
lt_cv_file_magic_test_file=
lt_cv_ld_reload_flag=-r
lt_cv_objdir=.libs
lt_cv_path_LD=/usr/bin/ld
lt_cv_path_NM='/usr/bin/nm -B'
lt_cv_path_SED=/bin/sed
lt_cv_prog_compiler_c_o=yes
lt_cv_prog_compiler_pic_works=yes
lt_cv_prog_compiler_rtti_exceptions=no
lt_cv_prog_compiler_static_works=yes
lt_cv_prog_gnu_ld=yes
lt_cv_sys_global_symbol_pipe='sed -n -e '\''s/^.*[ 	]\([ABCDGIRSTW][ABCDGIRSTW]*\)[ 	][ 	]*\([_A-Za-z][_A-Za-z0-9]*\)$/\1 \2 \2/p'\'''
lt_cv_sys_global_symbol_to_c_name_address='sed -n -e '\''s/^: \([^ ]*\) $/  {\"\1\", (lt_ptr) 0},/p'\'' -e '\''s/^[BCDEGRST] \([^ ]*\) \([^ ]*\)$/  {"\2", (lt_ptr) \&\2},/p'\'''
lt_cv_sys_global_symbol_to_cdecl='sed -n -e '\''s/^. .* \(.*\)$/extern int \1;/p'\'''
lt_cv_sys_lib_dlsearch_path_spec='/lib /usr/lib /usr/local/libevent-1.4.13-stable/lib/ /usr/local/tokyocabinet-1.4.45/lib/ /usr/lib/qt-3.3/lib /usr/lib/qt4/lib /usr/lib/qt44/lib '
lt_cv_sys_lib_search_path_spec='/usr/lib/gcc/i686-pc-linux-gnu/4.7.0 /usr/lib /lib'
lt_cv_sys_max_cmd_len=98304
lt_lt_cv_prog_compiler_c_o='"yes"'
lt_lt_cv_sys_global_symbol_pipe='"sed -n -e '\''s/^.*[ 	]\\([ABCDGIRSTW][ABCDGIRSTW]*\\)[ 	][ 	]*\\([_A-Za-z][_A-Za-z0-9]*\\)\$/\\1 \\2 \\2/p'\''"'
lt_lt_cv_sys_global_symbol_to_c_name_address='"sed -n -e '\''s/^: \\([^ ]*\\) \$/  {\\\"\\1\\\", (lt_ptr) 0},/p'\'' -e '\''s/^[BCDEGRST] \\([^ ]*\\) \\([^ ]*\\)\$/  {\"\\2\", (lt_ptr) \\&\\2},/p'\''"'
lt_lt_cv_sys_global_symbol_to_cdecl='"sed -n -e '\''s/^. .* \\(.*\\)\$/extern int \\1;/p'\''"'
php_cv_cc_dashr=no
php_cv_cc_rpath=yes
php_cv_re2c_version='0.13.5 (ok)'

## ----------------- ##
## Output variables. ##
## ----------------- ##

AR='ar'
AWK='gawk'
CC='cc'
CFLAGS='-g -O2'
CONFIGURE_COMMAND=' './configure'  '--with-php-config=/usr/local/php/bin/php-config''
CONFIGURE_OPTIONS=' '--with-php-config=/usr/local/php/bin/php-config''
CPP='cc -E'
CPPFLAGS=' -DHAVE_CONFIG_H'
DEFS='-DHAVE_CONFIG_H'
DSYMUTIL=''
ECHO='echo'
ECHO_C=''
ECHO_N='-n'
ECHO_T=''
EGREP='grep -E'
EXEEXT=''
LDFLAGS=''
LIBOBJS=''
LIBS=''
LIBTOOL='$(SHELL) $(top_builddir)/libtool'
LN_S='ln -s'
LTLIBOBJS=''
NMEDIT=''
OBJEXT='o'
PACKAGE_BUGREPORT=''
PACKAGE_NAME=''
PACKAGE_STRING=''
PACKAGE_TARNAME=''
PACKAGE_VERSION=''
PATH_SEPARATOR=':'
RANLIB='ranlib'
RE2C='re2c'
SED='/bin/sed'
SHELL='/bin/sh'
SHLIB_DL_SUFFIX_NAME='so'
SHLIB_SUFFIX_NAME='so'
STRIP='strip'
ac_ct_AR='ar'
ac_ct_CC='cc'
ac_ct_DSYMUTIL=''
ac_ct_NMEDIT=''
ac_ct_RANLIB='ranlib'
ac_ct_STRIP='strip'
bindir='${exec_prefix}/bin'
build='i686-pc-linux-gnu'
build_alias=''
build_cpu='i686'
build_os='linux-gnu'
build_vendor='pc'
datadir='${prefix}/share'
exec_prefix='$(prefix)'
host='i686-pc-linux-gnu'
host_alias='i686-pc-linux-gnu'
host_cpu='i686'
host_os='linux-gnu'
host_vendor='pc'
includedir='${prefix}/include'
infodir='${prefix}/info'
libdir='${exec_prefix}/lib'
libexecdir='${exec_prefix}/libexec'
localstatedir='${prefix}/var'
mandir='${prefix}/man'
oldincludedir='/usr/include'
prefix='/usr/local/php'
program_transform_name='s,x,x,'
sbindir='${exec_prefix}/sbin'
sharedstatedir='${prefix}/com'
sysconfdir='${prefix}/etc'
target='i686-pc-linux-gnu'
target_alias=''
target_cpu='i686'
target_os='linux-gnu'
target_vendor='pc'

## ----------- ##
## confdefs.h. ##
## ----------- ##

#define COMPILE_DL_STOCK 1
#define HAVE_DLFCN_H 1
#define HAVE_INTTYPES_H 1
#define HAVE_MEMORY_H 1
#define HAVE_STDINT_H 1
#define HAVE_STDLIB_H 1
#define HAVE_STRINGS_H 1
#define HAVE_STRING_H 1
#define HAVE_SYS_STAT_H 1
#define HAVE_SYS_TYPES_H 1
#define HAVE_UNISTD_H 1
#define PACKAGE_BUGREPORT ""
#define PACKAGE_NAME ""
#define PACKAGE_STRING ""
#define PACKAGE_TARNAME ""
#define PACKAGE_VERSION ""
#define STDC_HEADERS 1

configure: exit 0
